<?xml version="1.0" encoding="UTF-8"?>
<!-- Generated by org.testng.reporters.JUnitXMLReporter -->
<testsuite ignored="2" hostname="Naveen" failures="0" tests="2" name="Test" time="53.291" errors="0" timestamp="2023-03-07T12:45:46 IST">
  <testcase classname="vtiger.ContactsTest.ContactsCreateWithOrganzation" name="ContactsCreateWithOrganzationTest" time="22.511"/>
  <testcase classname="vtiger.OrgnizationTest.CreateOrgnization" name="CreateOrgnizationTest" time="13.092"/>
  <testcase classname="vTiger.GenericUtilities.BaseClass" name="@BeforeSuite bsConfigur" time="0.0">
    <ignored/>
  </testcase> <!-- @BeforeSuite bsConfigur -->
  <testcase classname="vTiger.GenericUtilities.BaseClass" name="@AfterSuite asConfigur" time="0.0">
    <ignored/>
  </testcase> <!-- @AfterSuite asConfigur -->
</testsuite> <!-- Test -->
