<?xml version="1.0" encoding="UTF-8"?>
<testng-results ignored="0" total="1" passed="1" failed="0" skipped="0">
  <reporter-output>
    <line>
      <![CDATA[ Click on Organizations link Successful]]>
    </line>
    <line>
      <![CDATA[Click on Create Organization look up image Successful]]>
    </line>
    <line>
      <![CDATA[Create Organization with mandatory details Successful]]>
    </line>
    <line>
      <![CDATA[Navigate to contacts Link Successful]]>
    </line>
    <line>
      <![CDATA[Click on create contact look up image Successful]]>
    </line>
    <line>
      <![CDATA[Click on create contact and Save Successful]]>
    </line>
  </reporter-output>
  <suite started-at="2023-03-29T19:10:14 IST" name="Default suite" finished-at="2023-03-29T19:10:46 IST" duration-ms="32332">
    <groups>
      <group name="SmokeSuite">
        <method signature="ContactsCreateWithOrganzation.ContactsCreateWithOrganzationTest()[pri:0, instance:vtiger.ContactsTest.ContactsCreateWithOrganzation@2b662a77]" name="ContactsCreateWithOrganzationTest" class="vtiger.ContactsTest.ContactsCreateWithOrganzation"/>
      </group> <!-- SmokeSuite -->
      <group name="Regration">
        <method signature="ContactsCreateWithOrganzation.ContactsCreateWithOrganzationTest()[pri:0, instance:vtiger.ContactsTest.ContactsCreateWithOrganzation@2b662a77]" name="ContactsCreateWithOrganzationTest" class="vtiger.ContactsTest.ContactsCreateWithOrganzation"/>
      </group> <!-- Regration -->
    </groups>
    <test started-at="2023-03-29T19:10:14 IST" name="Default test" finished-at="2023-03-29T19:10:46 IST" duration-ms="32332">
      <class name="vtiger.ContactsTest.ContactsCreateWithOrganzation">
        <test-method is-config="true" signature="bsConfigur()[pri:0, instance:vtiger.ContactsTest.ContactsCreateWithOrganzation@2b662a77]" started-at="2023-03-29T19:10:14 IST" name="bsConfigur" finished-at="2023-03-29T19:10:14 IST" duration-ms="10" status="PASS">
          <reporter-output>
          </reporter-output>
        </test-method> <!-- bsConfigur -->
        <test-method is-config="true" signature="bcConfigur()[pri:0, instance:vtiger.ContactsTest.ContactsCreateWithOrganzation@2b662a77]" started-at="2023-03-29T19:10:14 IST" name="bcConfigur" finished-at="2023-03-29T19:10:19 IST" duration-ms="4897" status="PASS">
          <reporter-output>
          </reporter-output>
        </test-method> <!-- bcConfigur -->
        <test-method is-config="true" signature="BmConfigur()[pri:0, instance:vtiger.ContactsTest.ContactsCreateWithOrganzation@2b662a77]" started-at="2023-03-29T19:10:19 IST" name="BmConfigur" finished-at="2023-03-29T19:10:22 IST" duration-ms="2922" status="PASS">
          <reporter-output>
          </reporter-output>
        </test-method> <!-- BmConfigur -->
        <test-method signature="ContactsCreateWithOrganzationTest()[pri:0, instance:vtiger.ContactsTest.ContactsCreateWithOrganzation@2b662a77]" started-at="2023-03-29T19:10:22 IST" name="ContactsCreateWithOrganzationTest" finished-at="2023-03-29T19:10:44 IST" duration-ms="22481" status="PASS">
          <reporter-output>
            <line>
              <![CDATA[ Click on Organizations link Successful]]>
            </line>
            <line>
              <![CDATA[Click on Create Organization look up image Successful]]>
            </line>
            <line>
              <![CDATA[Create Organization with mandatory details Successful]]>
            </line>
            <line>
              <![CDATA[Navigate to contacts Link Successful]]>
            </line>
            <line>
              <![CDATA[Click on create contact look up image Successful]]>
            </line>
            <line>
              <![CDATA[Click on create contact and Save Successful]]>
            </line>
          </reporter-output>
        </test-method> <!-- ContactsCreateWithOrganzationTest -->
        <test-method is-config="true" signature="amConfigur()[pri:0, instance:vtiger.ContactsTest.ContactsCreateWithOrganzation@2b662a77]" started-at="2023-03-29T19:10:44 IST" name="amConfigur" finished-at="2023-03-29T19:10:46 IST" duration-ms="1615" status="PASS">
          <reporter-output>
          </reporter-output>
        </test-method> <!-- amConfigur -->
        <test-method is-config="true" signature="acConfigur()[pri:0, instance:vtiger.ContactsTest.ContactsCreateWithOrganzation@2b662a77]" started-at="2023-03-29T19:10:46 IST" name="acConfigur" finished-at="2023-03-29T19:10:46 IST" duration-ms="362" status="PASS">
          <reporter-output>
          </reporter-output>
        </test-method> <!-- acConfigur -->
        <test-method is-config="true" signature="asConfigur()[pri:0, instance:vtiger.ContactsTest.ContactsCreateWithOrganzation@2b662a77]" started-at="2023-03-29T19:10:46 IST" name="asConfigur" finished-at="2023-03-29T19:10:46 IST" duration-ms="0" status="PASS">
          <reporter-output>
          </reporter-output>
        </test-method> <!-- asConfigur -->
      </class> <!-- vtiger.ContactsTest.ContactsCreateWithOrganzation -->
    </test> <!-- Default test -->
  </suite> <!-- Default suite -->
</testng-results>
